\BOOKMARK [0][-]{chapter.1}{Einleitung}{}% 1
\BOOKMARK [1][-]{section.1.1}{Arbeitsumfeld}{chapter.1}% 2
\BOOKMARK [1][-]{section.1.2}{Zielbestimmung}{chapter.1}% 3
\BOOKMARK [1][-]{section.1.3}{Einsatz}{chapter.1}% 4
\BOOKMARK [1][-]{section.1.4}{Zeitplanung}{chapter.1}% 5
\BOOKMARK [0][-]{chapter.2}{Konzeption}{}% 6
\BOOKMARK [1][-]{section.2.1}{Regelalgorithmus}{chapter.2}% 7
\BOOKMARK [1][-]{section.2.2}{Ben\366tigte Module und ihre Funktion}{chapter.2}% 8
\BOOKMARK [1][-]{section.2.3}{Beschreibung der Schnittstellen}{chapter.2}% 9
\BOOKMARK [0][-]{chapter.3}{Realisierung}{}% 10
\BOOKMARK [1][-]{section.3.1}{Hardware Abstraction Layer}{chapter.3}% 11
\BOOKMARK [2][-]{subsection.3.1.1}{Implementierung}{section.3.1}% 12
\BOOKMARK [2][-]{subsection.3.1.2}{Zusammenf\374gen der Module}{section.3.1}% 13
\BOOKMARK [0][-]{chapter.4}{Test}{}% 14
\BOOKMARK [1][-]{section.4.1}{Test der HAL}{chapter.4}% 15
\BOOKMARK [1][-]{section.4.2}{Abschlusstest}{chapter.4}% 16
\BOOKMARK [0][-]{chapter.5}{Zusammenfassung und Ausblick}{}% 17
\BOOKMARK [1][-]{section.5.1}{Zusammenfassung}{chapter.5}% 18
\BOOKMARK [1][-]{section.5.2}{Ausblick}{chapter.5}% 19
\BOOKMARK [0][-]{chapter.6}{Anhang}{}% 20
